{"/Users/gawusurazak/Projects/Personal/Node/staff-performance-tracker/index.js": {"path":"/Users/gawusurazak/Projects/Personal/Node/staff-performance-tracker/index.js","statementMap":{"0":{"start":{"line":1,"column":0},"end":{"line":1,"column":32}},"1":{"start":{"line":2,"column":16},"end":{"line":2,"column":34}},"2":{"start":{"line":3,"column":16},"end":{"line":3,"column":34}},"3":{"start":{"line":4,"column":12},"end":{"line":4,"column":21}},"4":{"start":{"line":6,"column":0},"end":{"line":6,"column":31}},"5":{"start":{"line":7,"column":0},"end":{"line":7,"column":30}},"6":{"start":{"line":8,"column":0},"end":{"line":8,"column":34}},"7":{"start":{"line":9,"column":0},"end":{"line":9,"column":26}},"8":{"start":{"line":10,"column":0},"end":{"line":10,"column":33}},"9":{"start":{"line":12,"column":15},"end":{"line":14,"column":1}},"10":{"start":{"line":13,"column":2},"end":{"line":13,"column":49}},"11":{"start":{"line":15,"column":0},"end":{"line":15,"column":24}}},"fnMap":{"0":{"name":"(anonymous_0)","decl":{"start":{"line":12,"column":32},"end":{"line":12,"column":33}},"loc":{"start":{"line":13,"column":2},"end":{"line":13,"column":49}},"line":13}},"branchMap":{},"s":{"0":1,"1":1,"2":1,"3":1,"4":1,"5":1,"6":1,"7":1,"8":1,"9":1,"10":1,"11":1},"f":{"0":1},"b":{},"_coverageSchema":"1a1c01bbd47fc00a2c39e90264f33305004495a9","hash":"4ca0f07114979d79c5f4eec08589d9fd6ba96381"}
,"/Users/gawusurazak/Projects/Personal/Node/staff-performance-tracker/middlewares/admin.js": {"path":"/Users/gawusurazak/Projects/Personal/Node/staff-performance-tracker/middlewares/admin.js","statementMap":{"0":{"start":{"line":1,"column":0},"end":{"line":6,"column":2}},"1":{"start":{"line":2,"column":15},"end":{"line":2,"column":28}},"2":{"start":{"line":3,"column":2},"end":{"line":3,"column":69}},"3":{"start":{"line":3,"column":24},"end":{"line":3,"column":69}},"4":{"start":{"line":5,"column":2},"end":{"line":5,"column":9}}},"fnMap":{"0":{"name":"(anonymous_0)","decl":{"start":{"line":1,"column":17},"end":{"line":1,"column":18}},"loc":{"start":{"line":1,"column":43},"end":{"line":6,"column":1}},"line":1}},"branchMap":{"0":{"loc":{"start":{"line":3,"column":2},"end":{"line":3,"column":69}},"type":"if","locations":[{"start":{"line":3,"column":2},"end":{"line":3,"column":69}},{"start":{},"end":{}}],"line":3}},"s":{"0":1,"1":0,"2":0,"3":0,"4":0},"f":{"0":0},"b":{"0":[0,0]},"_coverageSchema":"1a1c01bbd47fc00a2c39e90264f33305004495a9","hash":"449926a339bd5ff9e977fc5e51902bf1f5e807b4"}
,"/Users/gawusurazak/Projects/Personal/Node/staff-performance-tracker/middlewares/auth.js": {"path":"/Users/gawusurazak/Projects/Personal/Node/staff-performance-tracker/middlewares/auth.js","statementMap":{"0":{"start":{"line":1,"column":12},"end":{"line":1,"column":35}},"1":{"start":{"line":2,"column":15},"end":{"line":2,"column":32}},"2":{"start":{"line":4,"column":0},"end":{"line":16,"column":2}},"3":{"start":{"line":5,"column":16},"end":{"line":5,"column":42}},"4":{"start":{"line":6,"column":2},"end":{"line":6,"column":78}},"5":{"start":{"line":6,"column":14},"end":{"line":6,"column":78}},"6":{"start":{"line":8,"column":2},"end":{"line":15,"column":3}},"7":{"start":{"line":9,"column":20},"end":{"line":9,"column":63}},"8":{"start":{"line":10,"column":4},"end":{"line":10,"column":23}},"9":{"start":{"line":12,"column":4},"end":{"line":12,"column":11}},"10":{"start":{"line":14,"column":4},"end":{"line":14,"column":42}}},"fnMap":{"0":{"name":"(anonymous_0)","decl":{"start":{"line":4,"column":17},"end":{"line":4,"column":18}},"loc":{"start":{"line":4,"column":49},"end":{"line":16,"column":1}},"line":4}},"branchMap":{"0":{"loc":{"start":{"line":6,"column":2},"end":{"line":6,"column":78}},"type":"if","locations":[{"start":{"line":6,"column":2},"end":{"line":6,"column":78}},{"start":{},"end":{}}],"line":6}},"s":{"0":1,"1":1,"2":1,"3":0,"4":0,"5":0,"6":0,"7":0,"8":0,"9":0,"10":0},"f":{"0":0},"b":{"0":[0,0]},"_coverageSchema":"1a1c01bbd47fc00a2c39e90264f33305004495a9","hash":"d6623901eae1cd36556e6a45c3769fb1c7392162"}
,"/Users/gawusurazak/Projects/Personal/Node/staff-performance-tracker/middlewares/error.js": {"path":"/Users/gawusurazak/Projects/Personal/Node/staff-performance-tracker/middlewares/error.js","statementMap":{"0":{"start":{"line":1,"column":16},"end":{"line":1,"column":34}},"1":{"start":{"line":3,"column":0},"end":{"line":7,"column":2}},"2":{"start":{"line":4,"column":2},"end":{"line":4,"column":34}},"3":{"start":{"line":5,"column":2},"end":{"line":5,"column":42}},"4":{"start":{"line":6,"column":2},"end":{"line":6,"column":12}}},"fnMap":{"0":{"name":"(anonymous_0)","decl":{"start":{"line":3,"column":17},"end":{"line":3,"column":18}},"loc":{"start":{"line":3,"column":48},"end":{"line":7,"column":1}},"line":3}},"branchMap":{},"s":{"0":1,"1":1,"2":0,"3":0,"4":0},"f":{"0":0},"b":{},"_coverageSchema":"1a1c01bbd47fc00a2c39e90264f33305004495a9","hash":"0a875e57be89cfc41ac7ae5894e956556a470a60"}
,"/Users/gawusurazak/Projects/Personal/Node/staff-performance-tracker/models/level.js": {"path":"/Users/gawusurazak/Projects/Personal/Node/staff-performance-tracker/models/level.js","statementMap":{"0":{"start":{"line":1,"column":17},"end":{"line":1,"column":36}},"1":{"start":{"line":2,"column":12},"end":{"line":2,"column":26}},"2":{"start":{"line":4,"column":20},"end":{"line":21,"column":2}},"3":{"start":{"line":23,"column":14},"end":{"line":23,"column":50}},"4":{"start":{"line":26,"column":17},"end":{"line":30,"column":4}},"5":{"start":{"line":32,"column":2},"end":{"line":32,"column":31}},"6":{"start":{"line":35,"column":0},"end":{"line":35,"column":29}},"7":{"start":{"line":36,"column":0},"end":{"line":36,"column":45}}},"fnMap":{"0":{"name":"validateSkillLevel","decl":{"start":{"line":25,"column":9},"end":{"line":25,"column":27}},"loc":{"start":{"line":25,"column":34},"end":{"line":33,"column":1}},"line":25}},"branchMap":{},"s":{"0":1,"1":1,"2":1,"3":1,"4":0,"5":0,"6":1,"7":1},"f":{"0":0},"b":{},"_coverageSchema":"1a1c01bbd47fc00a2c39e90264f33305004495a9","hash":"3089588ee0cd0683d01b326c385a55f7cd6b6d69"}
,"/Users/gawusurazak/Projects/Personal/Node/staff-performance-tracker/models/user.js": {"path":"/Users/gawusurazak/Projects/Personal/Node/staff-performance-tracker/models/user.js","statementMap":{"0":{"start":{"line":1,"column":17},"end":{"line":1,"column":36}},"1":{"start":{"line":2,"column":12},"end":{"line":2,"column":26}},"2":{"start":{"line":3,"column":12},"end":{"line":3,"column":35}},"3":{"start":{"line":4,"column":15},"end":{"line":4,"column":32}},"4":{"start":{"line":6,"column":19},"end":{"line":29,"column":2}},"5":{"start":{"line":31,"column":0},"end":{"line":37,"column":2}},"6":{"start":{"line":32,"column":16},"end":{"line":35,"column":3}},"7":{"start":{"line":36,"column":2},"end":{"line":36,"column":15}},"8":{"start":{"line":39,"column":13},"end":{"line":39,"column":47}},"9":{"start":{"line":42,"column":17},"end":{"line":47,"column":4}},"10":{"start":{"line":48,"column":2},"end":{"line":48,"column":31}},"11":{"start":{"line":51,"column":0},"end":{"line":51,"column":27}},"12":{"start":{"line":52,"column":0},"end":{"line":52,"column":39}}},"fnMap":{"0":{"name":"(anonymous_0)","decl":{"start":{"line":31,"column":39},"end":{"line":31,"column":40}},"loc":{"start":{"line":31,"column":51},"end":{"line":37,"column":1}},"line":31},"1":{"name":"validateUser","decl":{"start":{"line":41,"column":9},"end":{"line":41,"column":21}},"loc":{"start":{"line":41,"column":28},"end":{"line":49,"column":1}},"line":41}},"branchMap":{},"s":{"0":1,"1":1,"2":1,"3":1,"4":1,"5":1,"6":5,"7":5,"8":1,"9":4,"10":4,"11":1,"12":1},"f":{"0":5,"1":4},"b":{},"_coverageSchema":"1a1c01bbd47fc00a2c39e90264f33305004495a9","hash":"f5198e984ad755460cafb48b393eda892a268934"}
,"/Users/gawusurazak/Projects/Personal/Node/staff-performance-tracker/routes/auth.js": {"path":"/Users/gawusurazak/Projects/Personal/Node/staff-performance-tracker/routes/auth.js","statementMap":{"0":{"start":{"line":1,"column":16},"end":{"line":1,"column":34}},"1":{"start":{"line":2,"column":15},"end":{"line":2,"column":32}},"2":{"start":{"line":3,"column":12},"end":{"line":3,"column":26}},"3":{"start":{"line":4,"column":10},"end":{"line":4,"column":27}},"4":{"start":{"line":5,"column":17},"end":{"line":5,"column":42}},"5":{"start":{"line":6,"column":14},"end":{"line":6,"column":30}},"6":{"start":{"line":8,"column":0},"end":{"line":25,"column":3}},"7":{"start":{"line":9,"column":20},"end":{"line":9,"column":38}},"8":{"start":{"line":10,"column":2},"end":{"line":10,"column":67}},"9":{"start":{"line":10,"column":13},"end":{"line":10,"column":67}},"10":{"start":{"line":12,"column":13},"end":{"line":12,"column":58}},"11":{"start":{"line":13,"column":2},"end":{"line":13,"column":70}},"12":{"start":{"line":13,"column":13},"end":{"line":13,"column":70}},"13":{"start":{"line":15,"column":2},"end":{"line":15,"column":75}},"14":{"start":{"line":16,"column":2},"end":{"line":17,"column":61}},"15":{"start":{"line":17,"column":4},"end":{"line":17,"column":61}},"16":{"start":{"line":19,"column":16},"end":{"line":19,"column":40}},"17":{"start":{"line":21,"column":2},"end":{"line":24,"column":43}},"18":{"start":{"line":28,"column":17},"end":{"line":31,"column":4}},"19":{"start":{"line":32,"column":2},"end":{"line":32,"column":31}},"20":{"start":{"line":35,"column":0},"end":{"line":35,"column":23}}},"fnMap":{"0":{"name":"(anonymous_0)","decl":{"start":{"line":8,"column":16},"end":{"line":8,"column":17}},"loc":{"start":{"line":8,"column":36},"end":{"line":25,"column":1}},"line":8},"1":{"name":"validate","decl":{"start":{"line":27,"column":9},"end":{"line":27,"column":17}},"loc":{"start":{"line":27,"column":24},"end":{"line":33,"column":1}},"line":27}},"branchMap":{"0":{"loc":{"start":{"line":10,"column":2},"end":{"line":10,"column":67}},"type":"if","locations":[{"start":{"line":10,"column":2},"end":{"line":10,"column":67}},{"start":{},"end":{}}],"line":10},"1":{"loc":{"start":{"line":13,"column":2},"end":{"line":13,"column":70}},"type":"if","locations":[{"start":{"line":13,"column":2},"end":{"line":13,"column":70}},{"start":{},"end":{}}],"line":13},"2":{"loc":{"start":{"line":16,"column":2},"end":{"line":17,"column":61}},"type":"if","locations":[{"start":{"line":16,"column":2},"end":{"line":17,"column":61}},{"start":{},"end":{}}],"line":16}},"s":{"0":1,"1":1,"2":1,"3":1,"4":1,"5":1,"6":1,"7":4,"8":4,"9":1,"10":3,"11":3,"12":1,"13":2,"14":2,"15":1,"16":1,"17":1,"18":4,"19":4,"20":1},"f":{"0":4,"1":4},"b":{"0":[1,3],"1":[1,2],"2":[1,1]},"_coverageSchema":"1a1c01bbd47fc00a2c39e90264f33305004495a9","hash":"d4853b12fc0117f6db19cf13f0d47f79179af892"}
,"/Users/gawusurazak/Projects/Personal/Node/staff-performance-tracker/routes/levels.js": {"path":"/Users/gawusurazak/Projects/Personal/Node/staff-performance-tracker/routes/levels.js","statementMap":{"0":{"start":{"line":1,"column":16},"end":{"line":1,"column":34}},"1":{"start":{"line":2,"column":28},"end":{"line":2,"column":47}},"2":{"start":{"line":3,"column":14},"end":{"line":3,"column":30}},"3":{"start":{"line":4,"column":28},"end":{"line":4,"column":54}},"4":{"start":{"line":5,"column":13},"end":{"line":5,"column":43}},"5":{"start":{"line":6,"column":14},"end":{"line":6,"column":45}},"6":{"start":{"line":8,"column":0},"end":{"line":11,"column":3}},"7":{"start":{"line":9,"column":17},"end":{"line":9,"column":37}},"8":{"start":{"line":10,"column":2},"end":{"line":10,"column":31}},"9":{"start":{"line":13,"column":0},"end":{"line":21,"column":3}},"10":{"start":{"line":14,"column":18},"end":{"line":14,"column":48}},"11":{"start":{"line":15,"column":2},"end":{"line":15,"column":64}},"12":{"start":{"line":15,"column":16},"end":{"line":15,"column":64}},"13":{"start":{"line":17,"column":16},"end":{"line":17,"column":51}},"14":{"start":{"line":18,"column":2},"end":{"line":18,"column":61}},"15":{"start":{"line":18,"column":14},"end":{"line":18,"column":61}},"16":{"start":{"line":20,"column":2},"end":{"line":20,"column":30}},"17":{"start":{"line":23,"column":0},"end":{"line":36,"column":3}},"18":{"start":{"line":24,"column":20},"end":{"line":24,"column":38}},"19":{"start":{"line":25,"column":2},"end":{"line":25,"column":67}},"20":{"start":{"line":25,"column":13},"end":{"line":25,"column":67}},"21":{"start":{"line":27,"column":16},"end":{"line":31,"column":4}},"22":{"start":{"line":33,"column":2},"end":{"line":33,"column":15}},"23":{"start":{"line":35,"column":2},"end":{"line":35,"column":30}},"24":{"start":{"line":38,"column":0},"end":{"line":53,"column":3}},"25":{"start":{"line":39,"column":18},"end":{"line":39,"column":48}},"26":{"start":{"line":40,"column":2},"end":{"line":40,"column":64}},"27":{"start":{"line":40,"column":16},"end":{"line":40,"column":64}},"28":{"start":{"line":42,"column":16},"end":{"line":50,"column":3}},"29":{"start":{"line":52,"column":2},"end":{"line":52,"column":30}},"30":{"start":{"line":55,"column":0},"end":{"line":62,"column":3}},"31":{"start":{"line":56,"column":18},"end":{"line":56,"column":48}},"32":{"start":{"line":57,"column":2},"end":{"line":57,"column":64}},"33":{"start":{"line":57,"column":16},"end":{"line":57,"column":64}},"34":{"start":{"line":59,"column":16},"end":{"line":59,"column":60}},"35":{"start":{"line":61,"column":2},"end":{"line":61,"column":30}},"36":{"start":{"line":64,"column":0},"end":{"line":64,"column":23}}},"fnMap":{"0":{"name":"(anonymous_0)","decl":{"start":{"line":8,"column":21},"end":{"line":8,"column":22}},"loc":{"start":{"line":8,"column":41},"end":{"line":11,"column":1}},"line":8},"1":{"name":"(anonymous_1)","decl":{"start":{"line":13,"column":24},"end":{"line":13,"column":25}},"loc":{"start":{"line":13,"column":44},"end":{"line":21,"column":1}},"line":13},"2":{"name":"(anonymous_2)","decl":{"start":{"line":23,"column":31},"end":{"line":23,"column":32}},"loc":{"start":{"line":23,"column":51},"end":{"line":36,"column":1}},"line":23},"3":{"name":"(anonymous_3)","decl":{"start":{"line":38,"column":35},"end":{"line":38,"column":36}},"loc":{"start":{"line":38,"column":55},"end":{"line":53,"column":1}},"line":38},"4":{"name":"(anonymous_4)","decl":{"start":{"line":55,"column":36},"end":{"line":55,"column":37}},"loc":{"start":{"line":55,"column":56},"end":{"line":62,"column":1}},"line":55}},"branchMap":{"0":{"loc":{"start":{"line":15,"column":2},"end":{"line":15,"column":64}},"type":"if","locations":[{"start":{"line":15,"column":2},"end":{"line":15,"column":64}},{"start":{},"end":{}}],"line":15},"1":{"loc":{"start":{"line":18,"column":2},"end":{"line":18,"column":61}},"type":"if","locations":[{"start":{"line":18,"column":2},"end":{"line":18,"column":61}},{"start":{},"end":{}}],"line":18},"2":{"loc":{"start":{"line":25,"column":2},"end":{"line":25,"column":67}},"type":"if","locations":[{"start":{"line":25,"column":2},"end":{"line":25,"column":67}},{"start":{},"end":{}}],"line":25},"3":{"loc":{"start":{"line":40,"column":2},"end":{"line":40,"column":64}},"type":"if","locations":[{"start":{"line":40,"column":2},"end":{"line":40,"column":64}},{"start":{},"end":{}}],"line":40},"4":{"loc":{"start":{"line":57,"column":2},"end":{"line":57,"column":64}},"type":"if","locations":[{"start":{"line":57,"column":2},"end":{"line":57,"column":64}},{"start":{},"end":{}}],"line":57}},"s":{"0":1,"1":1,"2":1,"3":1,"4":1,"5":1,"6":1,"7":0,"8":0,"9":1,"10":0,"11":0,"12":0,"13":0,"14":0,"15":0,"16":0,"17":1,"18":0,"19":0,"20":0,"21":0,"22":0,"23":0,"24":1,"25":0,"26":0,"27":0,"28":0,"29":0,"30":1,"31":0,"32":0,"33":0,"34":0,"35":0,"36":1},"f":{"0":0,"1":0,"2":0,"3":0,"4":0},"b":{"0":[0,0],"1":[0,0],"2":[0,0],"3":[0,0],"4":[0,0]},"_coverageSchema":"1a1c01bbd47fc00a2c39e90264f33305004495a9","hash":"0a9e63b85f0f6c316b5b81dd62dac736ac7c845c"}
,"/Users/gawusurazak/Projects/Personal/Node/staff-performance-tracker/routes/users.js": {"path":"/Users/gawusurazak/Projects/Personal/Node/staff-performance-tracker/routes/users.js","statementMap":{"0":{"start":{"line":1,"column":16},"end":{"line":1,"column":34}},"1":{"start":{"line":2,"column":10},"end":{"line":2,"column":27}},"2":{"start":{"line":3,"column":15},"end":{"line":3,"column":32}},"3":{"start":{"line":4,"column":27},"end":{"line":4,"column":52}},"4":{"start":{"line":5,"column":28},"end":{"line":5,"column":47}},"5":{"start":{"line":6,"column":13},"end":{"line":6,"column":43}},"6":{"start":{"line":7,"column":14},"end":{"line":7,"column":30}},"7":{"start":{"line":9,"column":0},"end":{"line":16,"column":3}},"8":{"start":{"line":10,"column":2},"end":{"line":11,"column":62}},"9":{"start":{"line":11,"column":4},"end":{"line":11,"column":62}},"10":{"start":{"line":13,"column":15},"end":{"line":13,"column":68}},"11":{"start":{"line":14,"column":2},"end":{"line":14,"column":64}},"12":{"start":{"line":14,"column":13},"end":{"line":14,"column":64}},"13":{"start":{"line":15,"column":2},"end":{"line":15,"column":29}},"14":{"start":{"line":18,"column":0},"end":{"line":43,"column":3}},"15":{"start":{"line":19,"column":20},"end":{"line":19,"column":38}},"16":{"start":{"line":20,"column":2},"end":{"line":20,"column":67}},"17":{"start":{"line":20,"column":13},"end":{"line":20,"column":67}},"18":{"start":{"line":22,"column":13},"end":{"line":22,"column":58}},"19":{"start":{"line":23,"column":2},"end":{"line":23,"column":68}},"20":{"start":{"line":23,"column":12},"end":{"line":23,"column":68}},"21":{"start":{"line":25,"column":2},"end":{"line":29,"column":5}},"22":{"start":{"line":31,"column":15},"end":{"line":31,"column":39}},"23":{"start":{"line":32,"column":25},"end":{"line":32,"column":67}},"24":{"start":{"line":33,"column":2},"end":{"line":33,"column":33}},"25":{"start":{"line":35,"column":2},"end":{"line":35,"column":20}},"26":{"start":{"line":37,"column":16},"end":{"line":37,"column":40}},"27":{"start":{"line":39,"column":2},"end":{"line":42,"column":51}},"28":{"start":{"line":45,"column":0},"end":{"line":45,"column":23}}},"fnMap":{"0":{"name":"(anonymous_0)","decl":{"start":{"line":9,"column":23},"end":{"line":9,"column":24}},"loc":{"start":{"line":9,"column":43},"end":{"line":16,"column":1}},"line":9},"1":{"name":"(anonymous_1)","decl":{"start":{"line":18,"column":16},"end":{"line":18,"column":17}},"loc":{"start":{"line":18,"column":36},"end":{"line":43,"column":1}},"line":18}},"branchMap":{"0":{"loc":{"start":{"line":10,"column":2},"end":{"line":11,"column":62}},"type":"if","locations":[{"start":{"line":10,"column":2},"end":{"line":11,"column":62}},{"start":{},"end":{}}],"line":10},"1":{"loc":{"start":{"line":10,"column":6},"end":{"line":10,"column":49}},"type":"binary-expr","locations":[{"start":{"line":10,"column":6},"end":{"line":10,"column":23}},{"start":{"line":10,"column":27},"end":{"line":10,"column":49}}],"line":10},"2":{"loc":{"start":{"line":14,"column":2},"end":{"line":14,"column":64}},"type":"if","locations":[{"start":{"line":14,"column":2},"end":{"line":14,"column":64}},{"start":{},"end":{}}],"line":14},"3":{"loc":{"start":{"line":20,"column":2},"end":{"line":20,"column":67}},"type":"if","locations":[{"start":{"line":20,"column":2},"end":{"line":20,"column":67}},{"start":{},"end":{}}],"line":20},"4":{"loc":{"start":{"line":23,"column":2},"end":{"line":23,"column":68}},"type":"if","locations":[{"start":{"line":23,"column":2},"end":{"line":23,"column":68}},{"start":{},"end":{}}],"line":23}},"s":{"0":1,"1":1,"2":1,"3":1,"4":1,"5":1,"6":1,"7":1,"8":0,"9":0,"10":0,"11":0,"12":0,"13":0,"14":1,"15":4,"16":4,"17":0,"18":4,"19":4,"20":0,"21":4,"22":4,"23":4,"24":4,"25":4,"26":4,"27":4,"28":1},"f":{"0":0,"1":4},"b":{"0":[0,0],"1":[0,0],"2":[0,0],"3":[0,4],"4":[0,4]},"_coverageSchema":"1a1c01bbd47fc00a2c39e90264f33305004495a9","hash":"4365fd610829fc32c472e9e19fe00b86e49f16f1"}
,"/Users/gawusurazak/Projects/Personal/Node/staff-performance-tracker/startup/config.js": {"path":"/Users/gawusurazak/Projects/Personal/Node/staff-performance-tracker/startup/config.js","statementMap":{"0":{"start":{"line":1,"column":15},"end":{"line":1,"column":32}},"1":{"start":{"line":3,"column":0},"end":{"line":7,"column":2}},"2":{"start":{"line":4,"column":2},"end":{"line":6,"column":3}},"3":{"start":{"line":5,"column":4},"end":{"line":5,"column":50}}},"fnMap":{"0":{"name":"(anonymous_0)","decl":{"start":{"line":3,"column":17},"end":{"line":3,"column":18}},"loc":{"start":{"line":3,"column":29},"end":{"line":7,"column":1}},"line":3}},"branchMap":{"0":{"loc":{"start":{"line":4,"column":2},"end":{"line":6,"column":3}},"type":"if","locations":[{"start":{"line":4,"column":2},"end":{"line":6,"column":3}},{"start":{},"end":{}}],"line":4}},"s":{"0":1,"1":1,"2":1,"3":0},"f":{"0":1},"b":{"0":[0,1]},"_coverageSchema":"1a1c01bbd47fc00a2c39e90264f33305004495a9","hash":"245b5b2537a4ddee0d40a96472239951467b42e7"}
,"/Users/gawusurazak/Projects/Personal/Node/staff-performance-tracker/startup/db.js": {"path":"/Users/gawusurazak/Projects/Personal/Node/staff-performance-tracker/startup/db.js","statementMap":{"0":{"start":{"line":1,"column":17},"end":{"line":1,"column":36}},"1":{"start":{"line":2,"column":16},"end":{"line":2,"column":34}},"2":{"start":{"line":3,"column":15},"end":{"line":3,"column":32}},"3":{"start":{"line":5,"column":0},"end":{"line":11,"column":2}},"4":{"start":{"line":6,"column":13},"end":{"line":6,"column":38}},"5":{"start":{"line":7,"column":2},"end":{"line":7,"column":37}},"6":{"start":{"line":8,"column":2},"end":{"line":10,"column":65}},"7":{"start":{"line":10,"column":16},"end":{"line":10,"column":63}}},"fnMap":{"0":{"name":"(anonymous_0)","decl":{"start":{"line":5,"column":17},"end":{"line":5,"column":18}},"loc":{"start":{"line":5,"column":29},"end":{"line":11,"column":1}},"line":5},"1":{"name":"(anonymous_1)","decl":{"start":{"line":10,"column":10},"end":{"line":10,"column":11}},"loc":{"start":{"line":10,"column":16},"end":{"line":10,"column":63}},"line":10}},"branchMap":{},"s":{"0":1,"1":1,"2":1,"3":1,"4":1,"5":1,"6":1,"7":1},"f":{"0":1,"1":1},"b":{},"_coverageSchema":"1a1c01bbd47fc00a2c39e90264f33305004495a9","hash":"2ee2e8729babc9f03d82e8cd6ee065465b6b2818"}
,"/Users/gawusurazak/Projects/Personal/Node/staff-performance-tracker/startup/logging.js": {"path":"/Users/gawusurazak/Projects/Personal/Node/staff-performance-tracker/startup/logging.js","statementMap":{"0":{"start":{"line":1,"column":16},"end":{"line":1,"column":34}},"1":{"start":{"line":4,"column":0},"end":{"line":20,"column":2}},"2":{"start":{"line":5,"column":2},"end":{"line":8,"column":5}},"3":{"start":{"line":6,"column":4},"end":{"line":6,"column":36}},"4":{"start":{"line":7,"column":4},"end":{"line":7,"column":20}},"5":{"start":{"line":10,"column":2},"end":{"line":13,"column":5}},"6":{"start":{"line":11,"column":4},"end":{"line":11,"column":36}},"7":{"start":{"line":12,"column":4},"end":{"line":12,"column":20}},"8":{"start":{"line":15,"column":2},"end":{"line":15,"column":68}}},"fnMap":{"0":{"name":"(anonymous_0)","decl":{"start":{"line":4,"column":17},"end":{"line":4,"column":18}},"loc":{"start":{"line":4,"column":29},"end":{"line":20,"column":1}},"line":4},"1":{"name":"(anonymous_1)","decl":{"start":{"line":5,"column":34},"end":{"line":5,"column":35}},"loc":{"start":{"line":5,"column":43},"end":{"line":8,"column":3}},"line":5},"2":{"name":"(anonymous_2)","decl":{"start":{"line":10,"column":35},"end":{"line":10,"column":36}},"loc":{"start":{"line":10,"column":44},"end":{"line":13,"column":3}},"line":10}},"branchMap":{},"s":{"0":1,"1":1,"2":1,"3":0,"4":0,"5":1,"6":0,"7":0,"8":1},"f":{"0":1,"1":0,"2":0},"b":{},"_coverageSchema":"1a1c01bbd47fc00a2c39e90264f33305004495a9","hash":"b8161ce9bca509b4fa68f87523fad9d5325492fd"}
,"/Users/gawusurazak/Projects/Personal/Node/staff-performance-tracker/startup/routes.js": {"path":"/Users/gawusurazak/Projects/Personal/Node/staff-performance-tracker/startup/routes.js","statementMap":{"0":{"start":{"line":1,"column":16},"end":{"line":1,"column":34}},"1":{"start":{"line":2,"column":14},"end":{"line":2,"column":40}},"2":{"start":{"line":3,"column":13},"end":{"line":3,"column":38}},"3":{"start":{"line":4,"column":14},"end":{"line":4,"column":41}},"4":{"start":{"line":5,"column":14},"end":{"line":5,"column":45}},"5":{"start":{"line":7,"column":0},"end":{"line":14,"column":2}},"6":{"start":{"line":8,"column":2},"end":{"line":8,"column":26}},"7":{"start":{"line":9,"column":2},"end":{"line":9,"column":50}},"8":{"start":{"line":10,"column":2},"end":{"line":10,"column":35}},"9":{"start":{"line":11,"column":2},"end":{"line":11,"column":34}},"10":{"start":{"line":12,"column":2},"end":{"line":12,"column":35}},"11":{"start":{"line":13,"column":2},"end":{"line":13,"column":17}}},"fnMap":{"0":{"name":"(anonymous_0)","decl":{"start":{"line":7,"column":17},"end":{"line":7,"column":18}},"loc":{"start":{"line":7,"column":32},"end":{"line":14,"column":1}},"line":7}},"branchMap":{},"s":{"0":1,"1":1,"2":1,"3":1,"4":1,"5":1,"6":1,"7":1,"8":1,"9":1,"10":1,"11":1},"f":{"0":1},"b":{},"_coverageSchema":"1a1c01bbd47fc00a2c39e90264f33305004495a9","hash":"ea5b2406dba282ed54c5c9663a5f65f7b372393f"}
,"/Users/gawusurazak/Projects/Personal/Node/staff-performance-tracker/startup/validation.js": {"path":"/Users/gawusurazak/Projects/Personal/Node/staff-performance-tracker/startup/validation.js","statementMap":{"0":{"start":{"line":1,"column":12},"end":{"line":1,"column":26}},"1":{"start":{"line":3,"column":0},"end":{"line":5,"column":2}},"2":{"start":{"line":4,"column":2},"end":{"line":4,"column":46}}},"fnMap":{"0":{"name":"(anonymous_0)","decl":{"start":{"line":3,"column":17},"end":{"line":3,"column":18}},"loc":{"start":{"line":3,"column":29},"end":{"line":5,"column":1}},"line":3}},"branchMap":{},"s":{"0":1,"1":1,"2":1},"f":{"0":1},"b":{},"_coverageSchema":"1a1c01bbd47fc00a2c39e90264f33305004495a9","hash":"a2e24e832679cf07f873a0c7a453e97fe0b9e236"}
}
